#
# A fatal error has been detected by the Java Runtime Environment:
#
#  EXCEPTION_ACCESS_VIOLATION (0xc0000005) at pc=0x00007ff8be2ad6db, pid=8300, tid=6580
#
# JRE version: OpenJDK Runtime Environment (21.0.2+13) (build 21.0.2+13-58)
# Java VM: OpenJDK 64-Bit Server VM (21.0.2+13-58, mixed mode, sharing, tiered, compressed oops, compressed class ptrs, g1 gc, windows-amd64)
# Problematic frame:
# V  [jvm.dll+0x24d6db]
#
# No core dump will be written. Minidumps are not enabled by default on client versions of Windows
#
# If you would like to submit a bug report, please visit:
#   https://bugreport.java.com/bugreport/crash.jsp
#

---------------  S U M M A R Y ------------

Command Line: -javaagent:C:\Program Files\JetBrains\IntelliJ IDEA Community Edition 2023.3.3\lib\idea_rt.jar=53021:C:\Program Files\JetBrains\IntelliJ IDEA Community Edition 2023.3.3\bin -Dfile.encoding=UTF-8 -Dsun.stdout.encoding=UTF-8 -Dsun.stderr.encoding=UTF-8 estoque.estoque.VendaApplication

Host: Intel(R) Core(TM) i5-8250U CPU @ 1.60GHz, 8 cores, 15G,  Windows 10 , 64 bit Build 19041 (10.0.19041.3636)
Time: Wed Feb 14 22:19:23 2024 Hora oficial do Brasil elapsed time: 3.309291 seconds (0d 0h 0m 3s)

---------------  T H R E A D  ---------------

Current thread (0x000001dd9d517020):  JavaThread "C2 CompilerThread1" daemon [_thread_in_native, id=6580, stack(0x0000004adb400000,0x0000004adb500000) (1024K)]


Current CompileTask:
C2:   3309 3473       4       java.net.URLStreamHandler::parseURL (1124 bytes)

Stack: [0x0000004adb400000,0x0000004adb500000],  sp=0x0000004adb4fd9d0,  free space=1014k
Native frames: (J=compiled Java code, j=interpreted, Vv=VM code, C=native code)
V  [jvm.dll+0x24d6db]
V  [jvm.dll+0x6f069c]
V  [jvm.dll+0x248ed7]
V  [jvm.dll+0x1c9634]
V  [jvm.dll+0x258859]
V  [jvm.dll+0x256e3a]
V  [jvm.dll+0x3ef6c6]
V  [jvm.dll+0x7ff568]
V  [jvm.dll+0x6c953d]
C  [ucrtbase.dll+0x21bb2]
C  [KERNEL32.DLL+0x17344]
C  [ntdll.dll+0x526b1]


siginfo: EXCEPTION_ACCESS_VIOLATION (0xc0000005), reading address 0x000001dda36c4b00


Registers:
RAX=0x0000000000000000, RBX=0x0000004adb4fe6d0, RCX=0x0000000000000821, RDX=0x0000000000000071
RSP=0x0000004adb4fd9d0, RBP=0x0000000000000000, RSI=0x000001dde36c4a60, RDI=0x0000004adb4fe580
R8 =0x0000000000000000, R9 =0x0000000000000001, R10=0x000001dda36c4b00, R11=0x000001dda36c4b00
R12=0x0000000000000822, R13=0x000001ddecb2f1b0, R14=0x0000000000000012, R15=0x000001ddece9b0e0
RIP=0x00007ff8be2ad6db, EFLAGS=0x0000000000010202


Register to memory mapping:

RAX=0x0 is null
RBX=0x0000004adb4fe6d0 is pointing into the stack for thread: 0x000001dd9d517020
RCX=0x0000000000000821 is an unknown value
RDX=0x0000000000000071 is an unknown value
RSP=0x0000004adb4fd9d0 is pointing into the stack for thread: 0x000001dd9d517020
RBP=0x0 is null
RSI=0x000001dde36c4a60 points into unknown readable memory: 0x00007ff8be9f2de0 | e0 2d 9f be f8 7f 00 00
RDI=0x0000004adb4fe580 is pointing into the stack for thread: 0x000001dd9d517020
R8 =0x0 is null
R9 =0x0000000000000001 is an unknown value
R10=0x000001dda36c4b00 is an unknown value
R11=0x000001dda36c4b00 is an unknown value
R12=0x0000000000000822 is an unknown value
R13=0x000001ddecb2f1b0 points into unknown readable memory: 0x0000004adb4fe800 | 00 e8 4f db 4a 00 00 00
R14=0x0000000000000012 is an unknown value
R15=0x000001ddece9b0e0 points into unknown readable memory: 0x00007ff8be9f29e8 | e8 29 9f be f8 7f 00 00

Top of Stack: (sp=0x0000004adb4fd9d0)
0x0000004adb4fd9d0:   0000004adb4fe6d0 000001dde36c39f0
0x0000004adb4fd9e0:   0000004adb4fe6d0 0000000000001ac1
0x0000004adb4fd9f0:   0000000000000000 0000004adb4fe570
0x0000004adb4fda00:   000001dd9d4dac10 0000004adb4fdc10
0x0000004adb4fda10:   0000004adb4fe6d0 00007ff8be75069c
0x0000004adb4fda20:   000001ddecb2f220 000001dded4747a0
0x0000004adb4fda30:   000001ddecb2f1b0 000001ddecb2f1b0
0x0000004adb4fda40:   0000000000000002 00007ff8be2a8ed7
0x0000004adb4fda50:   000001dded4747a0 0000004adb4fdb50
0x0000004adb4fda60:   0000004adb4fe6d0 0000000000000001
0x0000004adb4fda70:   0000000000000000 0000000000000000
0x0000004adb4fda80:   0000004adb4fe6d0 0000000000000000
0x0000004adb4fda90:   000001dd9d67db60 0000000000000000
0x0000004adb4fdaa0:   0000000000000000 0000000000000000
0x0000004adb4fdab0:   0000000000000000 0000000000000000
0x0000004adb4fdac0:   0000000000000000 00007ff8be9fcaac
0x0000004adb4fdad0:   0000000000000000 0000000000000000
0x0000004adb4fdae0:   0000000000000000 00007ff8be9fcaac
0x0000004adb4fdaf0:   0000000000000000 0000000000000000
0x0000004adb4fdb00:   000001dde32c4b10 000001dde350b730
0x0000004adb4fdb10:   000001dde350cda8 000001dde3513718
0x0000004adb4fdb20:   0000000000020338 0000000000000000
0x0000004adb4fdb30:   0000000000000000 0000000000000000
0x0000004adb4fdb40:   0000000000000000 0000000000000000
0x0000004adb4fdb50:   0000000000000000 0000000000000000
0x0000004adb4fdb60:   0000000000000000 0000000000000000
0x0000004adb4fdb70:   0000000000000000 0000000000000000
0x0000004adb4fdb80:   0000000000000000 00007ff8bea1b628
0x0000004adb4fdb90:   0000000000000000 0000000000000000
0x0000004adb4fdba0:   0000000000000000 0000000000000000
0x0000004adb4fdbb0:   00007ff8bea3ea38 0000000000000001
0x0000004adb4fdbc0:   0000004adb4fe6d0 0000004adb4ff490 

Instructions: (pc=0x00007ff8be2ad6db)
0x00007ff8be2ad5db:   e8 04 a8 01 75 7b 48 83 b9 10 03 00 00 00 74 71
0x00007ff8be2ad5eb:   41 8b 50 28 e8 5c 07 f8 ff 48 8b f0 48 85 c0 74
0x00007ff8be2ad5fb:   60 48 83 38 00 74 5a 8b 53 28 48 8b cf e8 43 07
0x00007ff8be2ad60b:   f8 ff 48 85 c0 74 2d 48 8b 00 48 85 c0 74 25 8b
0x00007ff8be2ad61b:   53 28 4c 8d 44 24 40 48 8b cf 48 89 44 24 40 e8
0x00007ff8be2ad62b:   b1 74 00 00 48 8b 5c 24 30 48 8b 74 24 38 48 83
0x00007ff8be2ad63b:   c4 20 5f c3 8b 53 28 4c 8b c6 48 8b cf 48 8b 5c
0x00007ff8be2ad64b:   24 30 48 8b 74 24 38 48 83 c4 20 5f e9 84 74 00
0x00007ff8be2ad65b:   00 48 8b 5c 24 30 32 c0 48 8b 74 24 38 48 83 c4
0x00007ff8be2ad66b:   20 5f c3 cc cc 48 89 5c 24 10 48 89 6c 24 18 56
0x00007ff8be2ad67b:   57 41 55 41 56 41 57 48 83 ec 20 33 ed 4c 89 64
0x00007ff8be2ad68b:   24 50 4d 8b e8 48 8b fa 48 8b d9 44 8b e5 39 6a
0x00007ff8be2ad69b:   18 0f 86 00 01 00 00 48 8b 47 10 41 8b cc 41 ff
0x00007ff8be2ad6ab:   c4 48 8b 34 c8 8b 46 2c 83 e0 03 3c 03 75 09 48
0x00007ff8be2ad6bb:   8d 4e 48 e8 8d ff 4c 00 44 8b 4e 20 44 8b c5 45
0x00007ff8be2ad6cb:   85 c9 7e 49 90 4c 8b 56 10 41 8b c0 4d 8d 1c c2
0x00007ff8be2ad6db:   49 8b 04 c2 8b 48 28 8b c1 c1 e8 05 3b 47 20 73
0x00007ff8be2ad6eb:   11 8b d0 83 e1 1f 48 8b 47 28 8b 04 90 0f a3 c8
0x00007ff8be2ad6fb:   72 13 ff 4e 20 41 ff c8 8b 46 20 41 ff c9 49 8b
0x00007ff8be2ad70b:   04 c2 49 89 03 41 ff c0 45 3b c1 7c b8 83 7e 20
0x00007ff8be2ad71b:   01 75 7a 48 8b ce e8 ca a4 45 00 84 c0 74 6e 48
0x00007ff8be2ad72b:   8b 46 10 4c 8b 38 45 8b 77 28 41 8b f6 c1 ee 05
0x00007ff8be2ad73b:   41 3b 75 20 72 0b 8b d6 49 8d 4d 20 e8 94 16 5f
0x00007ff8be2ad74b:   00 49 8b 45 28 41 83 e6 1f 48 8d 14 b0 41 0f b6
0x00007ff8be2ad75b:   ce 41 b8 01 00 00 00 41 d3 e0 8b 0a 8b c1 41 0b
0x00007ff8be2ad76b:   c0 89 02 41 85 c8 75 23 41 8b 75 18 8d 46 01 41
0x00007ff8be2ad77b:   89 45 18 41 3b 75 08 72 0a 8b d6 49 8b cd e8 72
0x00007ff8be2ad78b:   a2 45 00 49 8b 45 10 4c 89 3c f0 33 ed 44 3b 67
0x00007ff8be2ad79b:   18 0f 82 00 ff ff ff 44 8b 83 a0 01 00 00 41 83
0x00007ff8be2ad7ab:   e8 01 4d 63 c8 78 5e 0f 1f 40 00 66 66 0f 1f 84
0x00007ff8be2ad7bb:   00 00 00 00 00 4c 8b 93 a8 01 00 00 4b 8b 04 ca
0x00007ff8be2ad7cb:   8b 48 28 8b c1 c1 e8 05 3b 47 20 73 11 8b d0 83 


Stack slot to memory mapping:

stack at sp + 0 slots: 0x0000004adb4fe6d0 is pointing into the stack for thread: 0x000001dd9d517020
stack at sp + 1 slots: 0x000001dde36c39f0 points into unknown readable memory: 0x00007ff8bea7e3e0 | e0 e3 a7 be f8 7f 00 00
stack at sp + 2 slots: 0x0000004adb4fe6d0 is pointing into the stack for thread: 0x000001dd9d517020
stack at sp + 3 slots: 0x0000000000001ac1 is an unknown value
stack at sp + 4 slots: 0x0 is null
stack at sp + 5 slots: 0x0000004adb4fe570 is pointing into the stack for thread: 0x000001dd9d517020
stack at sp + 6 slots: 0x000001dd9d4dac10 points into unknown readable memory: 0x0000000000000000 | 00 00 00 00 00 00 00 00
stack at sp + 7 slots: 0x0000004adb4fdc10 is pointing into the stack for thread: 0x000001dd9d517020


---------------  P R O C E S S  ---------------

Threads class SMR info:
_java_thread_list=0x000001ddecee1210, length=16, elements={
0x000001ddfc106f50, 0x000001dd9d500c50, 0x000001dd9d501b70, 0x000001dd9d505bf0,
0x000001dd9d508660, 0x000001dd9d509860, 0x000001dd9d50a2c0, 0x000001dd9d510760,
0x000001dd9d5154e0, 0x000001dd9d4c6bf0, 0x000001dde30ec7d0, 0x000001dd9da48a60,
0x000001dd9d517020, 0x000001ddebd12370, 0x000001dde32f05b0, 0x000001dd9d514740
}

Java Threads: ( => current thread )
  0x000001ddfc106f50 JavaThread "main"                              [_thread_blocked, id=8356, stack(0x0000004ada100000,0x0000004ada200000) (1024K)]
  0x000001dd9d500c50 JavaThread "Reference Handler"          daemon [_thread_blocked, id=13492, stack(0x0000004ada900000,0x0000004adaa00000) (1024K)]
  0x000001dd9d501b70 JavaThread "Finalizer"                  daemon [_thread_blocked, id=15488, stack(0x0000004adaa00000,0x0000004adab00000) (1024K)]
  0x000001dd9d505bf0 JavaThread "Signal Dispatcher"          daemon [_thread_blocked, id=7756, stack(0x0000004adab00000,0x0000004adac00000) (1024K)]
  0x000001dd9d508660 JavaThread "Attach Listener"            daemon [_thread_blocked, id=5272, stack(0x0000004adac00000,0x0000004adad00000) (1024K)]
  0x000001dd9d509860 JavaThread "Service Thread"             daemon [_thread_blocked, id=1928, stack(0x0000004adad00000,0x0000004adae00000) (1024K)]
  0x000001dd9d50a2c0 JavaThread "Monitor Deflation Thread"   daemon [_thread_blocked, id=3632, stack(0x0000004adae00000,0x0000004adaf00000) (1024K)]
  0x000001dd9d510760 JavaThread "C2 CompilerThread0"         daemon [_thread_in_native, id=9628, stack(0x0000004adaf00000,0x0000004adb000000) (1024K)]
  0x000001dd9d5154e0 JavaThread "C1 CompilerThread0"         daemon [_thread_in_vm, id=1424, stack(0x0000004adb000000,0x0000004adb100000) (1024K)]
  0x000001dd9d4c6bf0 JavaThread "Common-Cleaner"             daemon [_thread_blocked, id=12704, stack(0x0000004adb100000,0x0000004adb200000) (1024K)]
  0x000001dde30ec7d0 JavaThread "Monitor Ctrl-Break"         daemon [_thread_in_native, id=11448, stack(0x0000004adb200000,0x0000004adb300000) (1024K)]
  0x000001dd9da48a60 JavaThread "Notification Thread"        daemon [_thread_blocked, id=16040, stack(0x0000004adb300000,0x0000004adb400000) (1024K)]
=>0x000001dd9d517020 JavaThread "C2 CompilerThread1"         daemon [_thread_in_native, id=6580, stack(0x0000004adb400000,0x0000004adb500000) (1024K)]
  0x000001ddebd12370 JavaThread "Thread-0"                          [_thread_blocked, id=14504, stack(0x0000004adbc00000,0x0000004adbd00000) (1024K)]
  0x000001dde32f05b0 JavaThread "restartedMain"                     [_thread_in_vm, id=7268, stack(0x0000004adbd00000,0x0000004adbe00000) (1024K)]
  0x000001dd9d514740 JavaThread "C2 CompilerThread2"         daemon [_thread_blocked, id=1308, stack(0x0000004adbf00000,0x0000004adc000000) (1024K)]
Total: 16

Other Threads:
  0x000001dd9d4de850 VMThread "VM Thread"                           [id=10292, stack(0x0000004ada800000,0x0000004ada900000) (1024K)]
  0x000001dd9d4c57a0 WatcherThread "VM Periodic Task Thread"        [id=3752, stack(0x0000004ada700000,0x0000004ada800000) (1024K)]
  0x000001ddfc30ad60 WorkerThread "GC Thread#0"                     [id=10468, stack(0x0000004ada200000,0x0000004ada300000) (1024K)]
  0x000001dde3687660 WorkerThread "GC Thread#1"                     [id=3384, stack(0x0000004adb500000,0x0000004adb600000) (1024K)]
  0x000001ddebeb9fd0 WorkerThread "GC Thread#2"                     [id=14356, stack(0x0000004adb600000,0x0000004adb700000) (1024K)]
  0x000001ddebeba370 WorkerThread "GC Thread#3"                     [id=9956, stack(0x0000004adb700000,0x0000004adb800000) (1024K)]
  0x000001dde342aa20 WorkerThread "GC Thread#4"                     [id=7708, stack(0x0000004adb800000,0x0000004adb900000) (1024K)]
  0x000001dde342adc0 WorkerThread "GC Thread#5"                     [id=16240, stack(0x0000004adb900000,0x0000004adba00000) (1024K)]
  0x000001ddebefe120 WorkerThread "GC Thread#6"                     [id=6076, stack(0x0000004adba00000,0x0000004adbb00000) (1024K)]
  0x000001ddebefe4c0 WorkerThread "GC Thread#7"                     [id=11412, stack(0x0000004adbb00000,0x0000004adbc00000) (1024K)]
  0x000001ddfc31bd00 ConcurrentGCThread "G1 Main Marker"            [id=16044, stack(0x0000004ada300000,0x0000004ada400000) (1024K)]
  0x000001ddfc31cfa0 WorkerThread "G1 Conc#0"                       [id=1412, stack(0x0000004ada400000,0x0000004ada500000) (1024K)]
  0x000001ddecbfa9b0 WorkerThread "G1 Conc#1"                       [id=16148, stack(0x0000004adbe00000,0x0000004adbf00000) (1024K)]
  0x000001dd9d38a4e0 ConcurrentGCThread "G1 Refine#0"               [id=10900, stack(0x0000004ada500000,0x0000004ada600000) (1024K)]
  0x000001dd9d38b050 ConcurrentGCThread "G1 Service"                [id=16144, stack(0x0000004ada600000,0x0000004ada700000) (1024K)]
Total: 15

Threads with active compile tasks:
C2 CompilerThread0     3383 3422       4       org.springframework.beans.factory.support.AbstractBeanFactory::isTypeMatch (619 bytes)
C2 CompilerThread1     3383 3473       4       java.net.URLStreamHandler::parseURL (1124 bytes)
C2 CompilerThread2     3383 3567   !   4       java.io.WinNTFileSystem::getBooleanAttributes (27 bytes)
Total: 3

VM state: not at safepoint (normal execution)

VM Mutex/Monitor currently owned by a thread: None

Heap address: 0x0000000701e00000, size: 4066 MB, Compressed Oops mode: Zero based, Oop shift amount: 3

CDS archive(s) mapped at: [0x000001dd9e000000-0x000001dd9ec90000-0x000001dd9ec90000), size 13172736, SharedBaseAddress: 0x000001dd9e000000, ArchiveRelocationMode: 1.
Compressed class space mapped at: 0x000001dd9f000000-0x000001dddf000000, reserved size: 1073741824
Narrow klass base: 0x000001dd9e000000, Narrow klass shift: 0, Narrow klass range: 0x100000000

GC Precious Log:
 CardTable entry size: 512
 Card Set container configuration: InlinePtr #cards 4 size 8 Array Of Cards #cards 16 size 48 Howl #buckets 8 coarsen threshold 3686 Howl Bitmap #cards 512 size 80 coarsen threshold 460 Card regions per heap region 1 cards per card region 4096
 CPUs: 8 total, 8 available
 Memory: 16258M
 Large Page Support: Disabled
 NUMA Support: Disabled
 Compressed Oops: Enabled (Zero based)
 Heap Region Size: 2M
 Heap Min Capacity: 8M
 Heap Initial Capacity: 256M
 Heap Max Capacity: 4066M
 Pre-touch: Disabled
 Parallel Workers: 8
 Concurrent Workers: 2
 Concurrent Refinement Workers: 8
 Periodic GC: Disabled

Heap:
 garbage-first heap   total 55296K, used 21095K [0x0000000701e00000, 0x0000000800000000)
  region size 2048K, 6 young (12288K), 2 survivors (4096K)
 Metaspace       used 25779K, committed 26240K, reserved 1114112K
  class space    used 3276K, committed 3520K, reserved 1048576K

Heap Regions: E=young(eden), S=young(survivor), O=old, HS=humongous(starts), HC=humongous(continues), CS=collection set, F=free, TAMS=top-at-mark-start, PB=parsable bottom
|   0|0x0000000701e00000, 0x0000000702000000, 0x0000000702000000|100%| O|  |TAMS 0x0000000701e00000| PB 0x0000000701e00000| Untracked 
|   1|0x0000000702000000, 0x0000000702200000, 0x0000000702200000|100%| O|  |TAMS 0x0000000702000000| PB 0x0000000702000000| Untracked 
|   2|0x0000000702200000, 0x0000000702400000, 0x0000000702400000|100%| O|  |TAMS 0x0000000702200000| PB 0x0000000702200000| Untracked 
|   3|0x0000000702400000, 0x00000007024b6518, 0x0000000702600000| 35%| O|Cm|TAMS 0x0000000702400000| PB 0x0000000702400000| Complete 
|   4|0x0000000702600000, 0x0000000702800000, 0x0000000702800000|100%| O|  |TAMS 0x0000000702600000| PB 0x0000000702600000| Untracked 
|   5|0x0000000702800000, 0x0000000702a00000, 0x0000000702a00000|100%| O|  |TAMS 0x0000000702800000| PB 0x0000000702800000| Untracked 
|   6|0x0000000702a00000, 0x0000000702b48be0, 0x0000000702c00000| 64%| O|  |TAMS 0x0000000702a00000| PB 0x0000000702a00000| Untracked 
|   7|0x0000000702c00000, 0x0000000702c00000, 0x0000000702e00000|  0%| F|  |TAMS 0x0000000702c00000| PB 0x0000000702c00000| Untracked 
|   8|0x0000000702e00000, 0x0000000702e00000, 0x0000000703000000|  0%| F|  |TAMS 0x0000000702e00000| PB 0x0000000702e00000| Untracked 
|   9|0x0000000703000000, 0x000000070309ade0, 0x0000000703200000| 30%| S|CS|TAMS 0x0000000703000000| PB 0x0000000703000000| Complete 
|  10|0x0000000703200000, 0x0000000703400000, 0x0000000703400000|100%| S|CS|TAMS 0x0000000703200000| PB 0x0000000703200000| Complete 
|  11|0x0000000703400000, 0x0000000703400000, 0x0000000703600000|  0%| F|  |TAMS 0x0000000703400000| PB 0x0000000703400000| Untracked 
|  12|0x0000000703600000, 0x0000000703600000, 0x0000000703800000|  0%| F|  |TAMS 0x0000000703600000| PB 0x0000000703600000| Untracked 
|  13|0x0000000703800000, 0x0000000703800000, 0x0000000703a00000|  0%| F|  |TAMS 0x0000000703800000| PB 0x0000000703800000| Untracked 
|  14|0x0000000703a00000, 0x0000000703a00000, 0x0000000703c00000|  0%| F|  |TAMS 0x0000000703a00000| PB 0x0000000703a00000| Untracked 
|  15|0x0000000703c00000, 0x0000000703c00000, 0x0000000703e00000|  0%| F|  |TAMS 0x0000000703c00000| PB 0x0000000703c00000| Untracked 
|  16|0x0000000703e00000, 0x0000000703e00000, 0x0000000704000000|  0%| F|  |TAMS 0x0000000703e00000| PB 0x0000000703e00000| Untracked 
|  17|0x0000000704000000, 0x0000000704000000, 0x0000000704200000|  0%| F|  |TAMS 0x0000000704000000| PB 0x0000000704000000| Untracked 
|  18|0x0000000704200000, 0x0000000704200000, 0x0000000704400000|  0%| F|  |TAMS 0x0000000704200000| PB 0x0000000704200000| Untracked 
|  19|0x0000000704400000, 0x0000000704400000, 0x0000000704600000|  0%| F|  |TAMS 0x0000000704400000| PB 0x0000000704400000| Untracked 
|  20|0x0000000704600000, 0x0000000704600000, 0x0000000704800000|  0%| F|  |TAMS 0x0000000704600000| PB 0x0000000704600000| Untracked 
|  21|0x0000000704800000, 0x0000000704800000, 0x0000000704a00000|  0%| F|  |TAMS 0x0000000704800000| PB 0x0000000704800000| Untracked 
|  22|0x0000000704a00000, 0x0000000704a00000, 0x0000000704c00000|  0%| F|  |TAMS 0x0000000704a00000| PB 0x0000000704a00000| Untracked 
| 103|0x000000070ec00000, 0x000000070ec5ee28, 0x000000070ee00000| 18%| E|  |TAMS 0x000000070ec00000| PB 0x000000070ec00000| Complete 
| 104|0x000000070ee00000, 0x000000070f000000, 0x000000070f000000|100%| E|CS|TAMS 0x000000070ee00000| PB 0x000000070ee00000| Complete 
| 105|0x000000070f000000, 0x000000070f200000, 0x000000070f200000|100%| E|CS|TAMS 0x000000070f000000| PB 0x000000070f000000| Complete 
| 127|0x0000000711c00000, 0x0000000711e00000, 0x0000000711e00000|100%| E|CS|TAMS 0x0000000711c00000| PB 0x0000000711c00000| Complete 

Card table byte_map: [0x000001ddfedc0000,0x000001ddff5c0000] _byte_map_base: 0x000001ddfb5b1000

Marking Bits: (CMBitMap*) 0x000001ddfc30b460
 Bits: [0x000001dd97390000, 0x000001dd9b318000)

Polling page: 0x000001ddfc370000

Metaspace:

Usage:
  Non-class:     21.98 MB used.
      Class:      3.20 MB used.
       Both:     25.18 MB used.

Virtual space:
  Non-class space:       64.00 MB reserved,      22.19 MB ( 35%) committed,  1 nodes.
      Class space:        1.00 GB reserved,       3.44 MB ( <1%) committed,  1 nodes.
             Both:        1.06 GB reserved,      25.62 MB (  2%) committed. 

Chunk freelists:
   Non-Class:  9.21 MB
       Class:  12.49 MB
        Both:  21.70 MB

MaxMetaspaceSize: unlimited
CompressedClassSpaceSize: 1.00 GB
Initial GC threshold: 21.00 MB
Current GC threshold: 35.12 MB
CDS: on
 - commit_granule_bytes: 65536.
 - commit_granule_words: 8192.
 - virtual_space_node_default_size: 8388608.
 - enlarge_chunks_in_place: 1.
 - use_allocation_guard: 0.


Internal statistics:

num_allocs_failed_limit: 3.
num_arena_births: 488.
num_arena_deaths: 0.
num_vsnodes_births: 2.
num_vsnodes_deaths: 0.
num_space_committed: 410.
num_space_uncommitted: 0.
num_chunks_returned_to_freelist: 3.
num_chunks_taken_from_freelist: 1383.
num_chunk_merges: 3.
num_chunk_splits: 948.
num_chunks_enlarged: 671.
num_inconsistent_stats: 0.

CodeHeap 'non-profiled nmethods': size=120000Kb used=1764Kb max_used=1764Kb free=118236Kb
 bounds [0x000001dd8fe60000, 0x000001dd900d0000, 0x000001dd97390000]
CodeHeap 'profiled nmethods': size=120000Kb used=7344Kb max_used=7344Kb free=112655Kb
 bounds [0x000001dd88390000, 0x000001dd88ac0000, 0x000001dd8f8c0000]
CodeHeap 'non-nmethods': size=5760Kb used=1457Kb max_used=1533Kb free=4302Kb
 bounds [0x000001dd8f8c0000, 0x000001dd8fb30000, 0x000001dd8fe60000]
 total_blobs=4107 nmethods=3567 adapters=444
 compilation: enabled
              stopped_count=0, restarted_count=0
 full_count=0

Compilation events (20 events):
Event: 3.292 Thread 0x000001dd9d514740 3498       4       jdk.internal.loader.AbstractClassLoaderValue$Sub::hashCode (19 bytes)
Event: 3.292 Thread 0x000001dd9d5154e0 3497       3       java.lang.reflect.AccessibleObject::getAnnotations (5 bytes)
Event: 3.292 Thread 0x000001dd9d5154e0 nmethod 3497 0x000001dd88a93890 code [0x000001dd88a93a40, 0x000001dd88a93c08]
Event: 3.292 Thread 0x000001dd9d5154e0 3500       3       org.springframework.core.annotation.TypeMappedAnnotations$IsPresent::doWithAnnotations (183 bytes)
Event: 3.293 Thread 0x000001dd9d514740 nmethod 3498 0x000001dd9000d790 code [0x000001dd9000d940, 0x000001dd9000daf8]
Event: 3.294 Thread 0x000001dd9d514740 3501       4       org.springframework.core.annotation.MergedAnnotationsCollection::find (169 bytes)
Event: 3.294 Thread 0x000001dd9d5154e0 nmethod 3500 0x000001dd88a93c90 code [0x000001dd88a93fc0, 0x000001dd88a95248]
Event: 3.294 Thread 0x000001dd9d5154e0 3499       3       org.springframework.core.annotation.TypeMappedAnnotations$IsPresent::doWithAnnotations (10 bytes)
Event: 3.294 Thread 0x000001dd9d5154e0 nmethod 3499 0x000001dd88a95990 code [0x000001dd88a95b40, 0x000001dd88a95c78]
Event: 3.295 Thread 0x000001dd9d5154e0 3503       3       java.lang.WeakPairMap$Pair::lookup (10 bytes)
Event: 3.295 Thread 0x000001dd9d5154e0 nmethod 3503 0x000001dd88a95d10 code [0x000001dd88a95f00, 0x000001dd88a96488]
Event: 3.295 Thread 0x000001dd9d5154e0 3504       3       java.lang.WeakPairMap$Pair$Lookup::<init> (21 bytes)
Event: 3.296 Thread 0x000001dd9d5154e0 nmethod 3504 0x000001dd88a96690 code [0x000001dd88a96880, 0x000001dd88a96d68]
Event: 3.296 Thread 0x000001dd9d5154e0 3506       3       org.springframework.core.annotation.AnnotatedElementUtils::findAnnotations (11 bytes)
Event: 3.296 Thread 0x000001dd9d5154e0 nmethod 3506 0x000001dd88a96f10 code [0x000001dd88a970c0, 0x000001dd88a972b8]
Event: 3.298 Thread 0x000001dd9d5154e0 3507       3       java.util.LinkedHashSet::<init> (9 bytes)
Event: 3.298 Thread 0x000001dd9d5154e0 nmethod 3507 0x000001dd88a97410 code [0x000001dd88a975e0, 0x000001dd88a97728]
Event: 3.298 Thread 0x000001dd9d5154e0 3508       3       java.util.Collections$UnmodifiableSet::<init> (6 bytes)
Event: 3.298 Thread 0x000001dd9d5154e0 nmethod 3508 0x000001dd88a97810 code [0x000001dd88a979e0, 0x000001dd88a97d08]
Event: 3.298 Thread 0x000001dd9d5154e0 3509       3       java.util.Collections::unmodifiableSet (22 bytes)

GC Heap History (8 events):
Event: 1.278 GC heap before
{Heap before GC invocations=0 (full 0):
 garbage-first heap   total 262144K, used 20480K [0x0000000701e00000, 0x0000000800000000)
  region size 2048K, 11 young (22528K), 0 survivors (0K)
 Metaspace       used 5380K, committed 5632K, reserved 1114112K
  class space    used 587K, committed 704K, reserved 1048576K
}
Event: 1.283 GC heap after
{Heap after GC invocations=1 (full 0):
 garbage-first heap   total 262144K, used 7284K [0x0000000701e00000, 0x0000000800000000)
  region size 2048K, 2 young (4096K), 2 survivors (4096K)
 Metaspace       used 5380K, committed 5632K, reserved 1114112K
  class space    used 587K, committed 704K, reserved 1048576K
}
Event: 1.826 GC heap before
{Heap before GC invocations=1 (full 0):
 garbage-first heap   total 262144K, used 31860K [0x0000000701e00000, 0x0000000800000000)
  region size 2048K, 15 young (30720K), 2 survivors (4096K)
 Metaspace       used 12262K, committed 12544K, reserved 1114112K
  class space    used 1543K, committed 1664K, reserved 1048576K
}
Event: 1.831 GC heap after
{Heap after GC invocations=2 (full 0):
 garbage-first heap   total 262144K, used 8938K [0x0000000701e00000, 0x0000000800000000)
  region size 2048K, 2 young (4096K), 2 survivors (4096K)
 Metaspace       used 12262K, committed 12544K, reserved 1114112K
  class space    used 1543K, committed 1664K, reserved 1048576K
}
Event: 2.393 GC heap before
{Heap before GC invocations=2 (full 0):
 garbage-first heap   total 262144K, used 45802K [0x0000000701e00000, 0x0000000800000000)
  region size 2048K, 22 young (45056K), 2 survivors (4096K)
 Metaspace       used 21197K, committed 21504K, reserved 1114112K
  class space    used 2663K, committed 2816K, reserved 1048576K
}
Event: 2.398 GC heap after
{Heap after GC invocations=3 (full 0):
 garbage-first heap   total 262144K, used 13017K [0x0000000701e00000, 0x0000000800000000)
  region size 2048K, 3 young (6144K), 3 survivors (6144K)
 Metaspace       used 21197K, committed 21504K, reserved 1114112K
  class space    used 2663K, committed 2816K, reserved 1048576K
}
Event: 3.173 GC heap before
{Heap before GC invocations=4 (full 0):
 garbage-first heap   total 55296K, used 39641K [0x0000000701e00000, 0x0000000800000000)
  region size 2048K, 16 young (32768K), 3 survivors (6144K)
 Metaspace       used 24712K, committed 25024K, reserved 1114112K
  class space    used 3114K, committed 3264K, reserved 1048576K
}
Event: 3.179 GC heap after
{Heap after GC invocations=5 (full 0):
 garbage-first heap   total 55296K, used 14951K [0x0000000701e00000, 0x0000000800000000)
  region size 2048K, 2 young (4096K), 2 survivors (4096K)
 Metaspace       used 24712K, committed 25024K, reserved 1114112K
  class space    used 3114K, committed 3264K, reserved 1048576K
}

Dll operation events (13 events):
Event: 0.009 Loaded shared library C:\Users\Átila\.jdks\openjdk-21.0.2\bin\java.dll
Event: 0.052 Loaded shared library C:\Users\Átila\.jdks\openjdk-21.0.2\bin\jsvml.dll
Event: 0.152 Loaded shared library C:\Users\Átila\.jdks\openjdk-21.0.2\bin\zip.dll
Event: 0.154 Loaded shared library C:\Users\Átila\.jdks\openjdk-21.0.2\bin\instrument.dll
Event: 0.159 Loaded shared library C:\Users\Átila\.jdks\openjdk-21.0.2\bin\net.dll
Event: 0.160 Loaded shared library C:\Users\Átila\.jdks\openjdk-21.0.2\bin\nio.dll
Event: 0.163 Loaded shared library C:\Users\Átila\.jdks\openjdk-21.0.2\bin\zip.dll
Event: 0.794 Loaded shared library C:\Program Files\JetBrains\IntelliJ IDEA Community Edition 2023.3.3\bin\breakgen64.dll
Event: 0.805 Loaded shared library C:\Users\Átila\.jdks\openjdk-21.0.2\bin\extnet.dll
Event: 0.842 Loaded shared library C:\Users\Átila\.jdks\openjdk-21.0.2\bin\jimage.dll
Event: 1.218 Loaded shared library C:\Users\Átila\.jdks\openjdk-21.0.2\bin\management.dll
Event: 1.220 Loaded shared library C:\Users\Átila\.jdks\openjdk-21.0.2\bin\management_ext.dll
Event: 2.325 Loaded shared library C:\Users\Átila\.jdks\openjdk-21.0.2\bin\sunmscapi.dll

Deoptimization events (20 events):
Event: 3.025 Thread 0x000001dde32f05b0 Uncommon trap: trap_request=0xffffff45 fr.pc=0x000001dd8ffc4880 relative=0x00000000000001e0
Event: 3.025 Thread 0x000001dde32f05b0 Uncommon trap: reason=unstable_if action=reinterpret pc=0x000001dd8ffc4880 method=org.springframework.beans.factory.support.AbstractBeanFactory.getMergedLocalBeanDefinition(Ljava/lang/String;)Lorg/springframework/beans/factory/support/RootBeanDefinition; 
Event: 3.025 Thread 0x000001dde32f05b0 DEOPT PACKING pc=0x000001dd8ffc4880 sp=0x0000004adbdfdd00
Event: 3.025 Thread 0x000001dde32f05b0 DEOPT UNPACKING pc=0x000001dd8f9146a2 sp=0x0000004adbdfdca8 mode 2
Event: 3.095 Thread 0x000001dde32f05b0 Uncommon trap: trap_request=0xffffff45 fr.pc=0x000001dd8ffdb6f4 relative=0x00000000000005d4
Event: 3.095 Thread 0x000001dde32f05b0 Uncommon trap: reason=unstable_if action=reinterpret pc=0x000001dd8ffdb6f4 method=org.springframework.beans.factory.support.RootBeanDefinition.getTargetType()Ljava/lang/Class; @ 18 c2
Event: 3.095 Thread 0x000001dde32f05b0 DEOPT PACKING pc=0x000001dd8ffdb6f4 sp=0x0000004adbdfdee0
Event: 3.095 Thread 0x000001dde32f05b0 DEOPT UNPACKING pc=0x000001dd8f9146a2 sp=0x0000004adbdfddb0 mode 2
Event: 3.095 Thread 0x000001dde32f05b0 Uncommon trap: trap_request=0xffffff45 fr.pc=0x000001dd8ffdc5f0 relative=0x0000000000000310
Event: 3.095 Thread 0x000001dde32f05b0 Uncommon trap: reason=unstable_if action=reinterpret pc=0x000001dd8ffdc5f0 method=org.springframework.beans.factory.support.RootBeanDefinition.getTargetType()Ljava/lang/Class; @ 18 c2
Event: 3.095 Thread 0x000001dde32f05b0 DEOPT PACKING pc=0x000001dd8ffdc5f0 sp=0x0000004adbdfddf0
Event: 3.095 Thread 0x000001dde32f05b0 DEOPT UNPACKING pc=0x000001dd8f9146a2 sp=0x0000004adbdfdd70 mode 2
Event: 3.118 Thread 0x000001dde32f05b0 Uncommon trap: trap_request=0xffffff45 fr.pc=0x000001dd8ffea50c relative=0x0000000000002f2c
Event: 3.118 Thread 0x000001dde32f05b0 Uncommon trap: reason=unstable_if action=reinterpret pc=0x000001dd8ffea50c method=org.springframework.beans.factory.support.RootBeanDefinition.getTargetType()Ljava/lang/Class; @ 18 c2
Event: 3.118 Thread 0x000001dde32f05b0 DEOPT PACKING pc=0x000001dd8ffea50c sp=0x0000004adbdfdee0
Event: 3.118 Thread 0x000001dde32f05b0 DEOPT UNPACKING pc=0x000001dd8f9146a2 sp=0x0000004adbdfdd30 mode 2
Event: 3.248 Thread 0x000001dde32f05b0 Uncommon trap: trap_request=0xffffff45 fr.pc=0x000001dd8fff98f8 relative=0x0000000000000098
Event: 3.248 Thread 0x000001dde32f05b0 Uncommon trap: reason=unstable_if action=reinterpret pc=0x000001dd8fff98f8 method=org.springframework.core.ResolvableType$1.isAssignableFrom(Ljava/lang/Class;)Z @ 15 c2
Event: 3.248 Thread 0x000001dde32f05b0 DEOPT PACKING pc=0x000001dd8fff98f8 sp=0x0000004adbdfdf60
Event: 3.248 Thread 0x000001dde32f05b0 DEOPT UNPACKING pc=0x000001dd8f9146a2 sp=0x0000004adbdfdf00 mode 2

Classes loaded (20 events):
Event: 3.028 Loading class java/util/Collections$UnmodifiableMap$UnmodifiableEntrySet
Event: 3.028 Loading class java/util/Collections$UnmodifiableMap$UnmodifiableEntrySet done
Event: 3.028 Loading class java/util/Collections$UnmodifiableMap$UnmodifiableEntrySet$1
Event: 3.029 Loading class java/util/Collections$UnmodifiableMap$UnmodifiableEntrySet$1 done
Event: 3.029 Loading class java/util/Collections$UnmodifiableMap$UnmodifiableEntrySet$UnmodifiableEntry
Event: 3.029 Loading class java/util/Collections$UnmodifiableMap$UnmodifiableEntrySet$UnmodifiableEntry done
Event: 3.065 Loading class java/util/stream/Streams$ConcatSpliterator$OfRef
Event: 3.065 Loading class java/util/stream/Streams$ConcatSpliterator
Event: 3.065 Loading class java/util/stream/Streams$ConcatSpliterator done
Event: 3.065 Loading class java/util/stream/Streams$ConcatSpliterator$OfRef done
Event: 3.065 Loading class java/util/stream/Streams$2
Event: 3.065 Loading class java/util/stream/Streams$2 done
Event: 3.081 Loading class java/util/stream/ReferencePipeline$15
Event: 3.081 Loading class java/util/stream/ReferencePipeline$15 done
Event: 3.082 Loading class java/util/stream/ReferencePipeline$15$1
Event: 3.082 Loading class java/util/stream/ReferencePipeline$15$1 done
Event: 3.258 Loading class java/io/FileFilter
Event: 3.258 Loading class java/io/FileFilter done
Event: 3.281 Loading class java/net/SocketException
Event: 3.282 Loading class java/net/SocketException done

Classes unloaded (0 events):
No events

Classes redefined (0 events):
No events

Internal exceptions (20 events):
Event: 1.579 Thread 0x000001dde32f05b0 Exception <a 'java/lang/NoSuchMethodError'{0x000000071100ff90}: 'void java.lang.invoke.DirectMethodHandle$Holder.invokeInterface(java.lang.Object, java.lang.Object, java.lang.Object)'> (0x000000071100ff90) 
thrown [s\open\src\hotspot\share\interpreter\linkResolver.cpp, line 773]
Event: 1.599 Thread 0x000001dde32f05b0 Exception <a 'java/lang/NoSuchMethodError'{0x00000007110a9a78}: 'void java.lang.invoke.DirectMethodHandle$Holder.invokeStaticInit(java.lang.Object, java.lang.Object, java.lang.Object)'> (0x00000007110a9a78) 
thrown [s\open\src\hotspot\share\interpreter\linkResolver.cpp, line 773]
Event: 1.605 Thread 0x000001dde32f05b0 Exception <a 'java/lang/NoSuchMethodError'{0x00000007110ec7a8}: 'java.lang.Object java.lang.invoke.DirectMethodHandle$Holder.invokeStatic(java.lang.Object, long, java.lang.Object)'> (0x00000007110ec7a8) 
thrown [s\open\src\hotspot\share\interpreter\linkResolver.cpp, line 773]
Event: 1.605 Thread 0x000001dde32f05b0 Exception <a 'java/lang/NoSuchMethodError'{0x00000007110efe00}: 'java.lang.Object java.lang.invoke.DirectMethodHandle$Holder.invokeStaticInit(java.lang.Object, long, java.lang.Object)'> (0x00000007110efe00) 
thrown [s\open\src\hotspot\share\interpreter\linkResolver.cpp, line 773]
Event: 1.606 Thread 0x000001dde32f05b0 Exception <a 'java/lang/NoSuchMethodError'{0x00000007110f5568}: 'java.lang.Object java.lang.invoke.DirectMethodHandle$Holder.newInvokeSpecial(java.lang.Object, long)'> (0x00000007110f5568) 
thrown [s\open\src\hotspot\share\interpreter\linkResolver.cpp, line 773]
Event: 1.617 Thread 0x000001dde32f05b0 Exception <a 'java/lang/NoSuchMethodError'{0x0000000711143418}: 'void java.lang.invoke.DirectMethodHandle$Holder.invokeSpecial(java.lang.Object, java.lang.Object, java.lang.Object, java.lang.Object, java.lang.Object)'> (0x0000000711143418) 
thrown [s\open\src\hotspot\share\interpreter\linkResolver.cpp, line 773]
Event: 1.617 Thread 0x000001dde32f05b0 Exception <a 'java/lang/NoSuchMethodError'{0x000000071114ac80}: 'void java.lang.invoke.DirectMethodHandle$Holder.invokeVirtual(java.lang.Object, java.lang.Object, java.lang.Object, java.lang.Object)'> (0x000000071114ac80) 
thrown [s\open\src\hotspot\share\interpreter\linkResolver.cpp, line 773]
Event: 1.654 Thread 0x000001dde32f05b0 Exception <a 'java/lang/IncompatibleClassChangeError'{0x0000000710ea0228}: Found class java.lang.Object, but interface was expected> (0x0000000710ea0228) 
thrown [s\open\src\hotspot\share\interpreter\linkResolver.cpp, line 840]
Event: 1.658 Thread 0x000001dde32f05b0 Exception <a 'java/lang/NoSuchMethodError'{0x0000000710ed5950}: 'java.lang.Object java.lang.invoke.DirectMethodHandle$Holder.invokeStaticInit(java.lang.Object, int)'> (0x0000000710ed5950) 
thrown [s\open\src\hotspot\share\interpreter\linkResolver.cpp, line 773]
Event: 1.660 Thread 0x000001dde32f05b0 Exception <a 'java/lang/NoSuchMethodError'{0x0000000710edfa90}: 'java.lang.Object java.lang.invoke.DirectMethodHandle$Holder.invokeStatic(java.lang.Object, int, java.lang.Object)'> (0x0000000710edfa90) 
thrown [s\open\src\hotspot\share\interpreter\linkResolver.cpp, line 773]
Event: 1.661 Thread 0x000001dde32f05b0 Exception <a 'java/lang/NoSuchMethodError'{0x0000000710ee30e0}: 'java.lang.Object java.lang.invoke.DirectMethodHandle$Holder.invokeStaticInit(java.lang.Object, int, java.lang.Object)'> (0x0000000710ee30e0) 
thrown [s\open\src\hotspot\share\interpreter\linkResolver.cpp, line 773]
Event: 1.944 Thread 0x000001dde32f05b0 Exception <a 'java/lang/NoSuchMethodError'{0x00000007117fb8b0}: 'java.lang.Object java.lang.invoke.DirectMethodHandle$Holder.invokeVirtual(java.lang.Object, java.lang.Object, java.lang.Object)'> (0x00000007117fb8b0) 
thrown [s\open\src\hotspot\share\interpreter\linkResolver.cpp, line 773]
Event: 1.949 Thread 0x000001dde32f05b0 Exception <a 'java/lang/NoSuchMethodError'{0x000000071145acb0}: 'int java.lang.invoke.DirectMethodHandle$Holder.invokeSpecial(java.lang.Object, java.lang.Object, java.lang.Object, java.lang.Object, java.lang.Object)'> (0x000000071145acb0) 
thrown [s\open\src\hotspot\share\interpreter\linkResolver.cpp, line 773]
Event: 2.190 Thread 0x000001dde32f05b0 Exception <a 'java/lang/IncompatibleClassChangeError'{0x000000071011eb98}: Found class java.lang.Object, but interface was expected> (0x000000071011eb98) 
thrown [s\open\src\hotspot\share\interpreter\linkResolver.cpp, line 840]
Event: 2.230 Thread 0x000001ddebf90ed0 Exception <a 'java/lang/NoSuchMethodError'{0x000000070f819d78}: 'long java.lang.invoke.DirectMethodHandle$Holder.invokeSpecial(java.lang.Object, java.lang.Object)'> (0x000000070f819d78) 
thrown [s\open\src\hotspot\share\interpreter\linkResolver.cpp, line 773]
Event: 2.232 Thread 0x000001ddebf90ed0 Exception <a 'java/lang/NoSuchMethodError'{0x000000070f823b08}: 'long java.lang.invoke.DirectMethodHandle$Holder.invokeStatic(java.lang.Object, java.lang.Object)'> (0x000000070f823b08) 
thrown [s\open\src\hotspot\share\interpreter\linkResolver.cpp, line 773]
Event: 2.232 Thread 0x000001ddebf90ed0 Exception <a 'java/lang/NoSuchMethodError'{0x000000070f826e70}: 'long java.lang.invoke.DirectMethodHandle$Holder.invokeStaticInit(java.lang.Object, java.lang.Object)'> (0x000000070f826e70) 
thrown [s\open\src\hotspot\share\interpreter\linkResolver.cpp, line 773]
Event: 2.235 Thread 0x000001ddebf90ed0 Exception <a 'java/lang/NoSuchMethodError'{0x000000070f832fb8}: 'long java.lang.invoke.DirectMethodHandle$Holder.invokeInterface(java.lang.Object, java.lang.Object)'> (0x000000070f832fb8) 
thrown [s\open\src\hotspot\share\interpreter\linkResolver.cpp, line 773]
Event: 2.236 Thread 0x000001ddebf90ed0 Exception <a 'java/lang/IncompatibleClassChangeError'{0x000000070f836268}: Found class java.lang.Object, but interface was expected> (0x000000070f836268) 
thrown [s\open\src\hotspot\share\interpreter\linkResolver.cpp, line 840]
Event: 2.248 Thread 0x000001ddebf90ed0 Exception <a 'java/lang/NoSuchMethodError'{0x000000070f8d8488}: 'java.lang.Object java.lang.invoke.DirectMethodHandle$Holder.invokeVirtual(java.lang.Object, java.lang.Object, java.lang.Object, java.lang.Object)'> (0x000000070f8d8488) 
thrown [s\open\src\hotspot\share\interpreter\linkResolver.cpp, line 773]

ZGC Phase Switch (0 events):
No events

VM Operations (20 events):
Event: 2.407 Executing VM operation: G1PauseRemark
Event: 2.409 Executing VM operation: G1PauseRemark done
Event: 2.411 Executing VM operation: G1PauseCleanup
Event: 2.411 Executing VM operation: G1PauseCleanup done
Event: 2.732 Executing VM operation: ICBufferFull
Event: 2.732 Executing VM operation: ICBufferFull done
Event: 3.023 Executing VM operation: HandshakeAllThreads (Deoptimize)
Event: 3.023 Executing VM operation: HandshakeAllThreads (Deoptimize) done
Event: 3.024 Executing VM operation: HandshakeAllThreads (Deoptimize)
Event: 3.024 Executing VM operation: HandshakeAllThreads (Deoptimize) done
Event: 3.030 Executing VM operation: HandshakeAllThreads (Deoptimize)
Event: 3.030 Executing VM operation: HandshakeAllThreads (Deoptimize) done
Event: 3.031 Executing VM operation: HandshakeAllThreads (Deoptimize)
Event: 3.031 Executing VM operation: HandshakeAllThreads (Deoptimize) done
Event: 3.036 Executing VM operation: ICBufferFull
Event: 3.036 Executing VM operation: ICBufferFull done
Event: 3.086 Executing VM operation: HandshakeAllThreads (Deoptimize)
Event: 3.086 Executing VM operation: HandshakeAllThreads (Deoptimize) done
Event: 3.173 Executing VM operation: G1CollectForAllocation (G1 Evacuation Pause)
Event: 3.179 Executing VM operation: G1CollectForAllocation (G1 Evacuation Pause) done

Events (20 events):
Event: 0.049 Thread 0x000001dd9d501b70 Thread added: 0x000001dd9d501b70
Event: 0.049 Thread 0x000001dd9d505bf0 Thread added: 0x000001dd9d505bf0
Event: 0.049 Thread 0x000001dd9d508660 Thread added: 0x000001dd9d508660
Event: 0.049 Thread 0x000001dd9d509860 Thread added: 0x000001dd9d509860
Event: 0.049 Thread 0x000001dd9d50a2c0 Thread added: 0x000001dd9d50a2c0
Event: 0.050 Thread 0x000001dd9d510760 Thread added: 0x000001dd9d510760
Event: 0.050 Thread 0x000001dd9d5154e0 Thread added: 0x000001dd9d5154e0
Event: 0.129 Thread 0x000001dd9d4c6bf0 Thread added: 0x000001dd9d4c6bf0
Event: 0.199 Thread 0x000001dd9d5176f0 Thread added: 0x000001dd9d5176f0
Event: 0.470 Thread 0x000001dd9d5176f0 Thread exited: 0x000001dd9d5176f0
Event: 0.794 Thread 0x000001dde30ec7d0 Thread added: 0x000001dde30ec7d0
Event: 0.794 Thread 0x000001dd9da48a60 Thread added: 0x000001dd9da48a60
Event: 0.909 Thread 0x000001dd9d517020 Thread added: 0x000001dd9d517020
Event: 1.284 Thread 0x000001ddebd12370 Thread added: 0x000001ddebd12370
Event: 1.286 Thread 0x000001dde32f05b0 Thread added: 0x000001dde32f05b0
Event: 1.652 Thread 0x000001ddebf90ed0 Thread added: 0x000001ddebf90ed0
Event: 2.091 Thread 0x000001dd9d514740 Thread added: 0x000001dd9d514740
Event: 2.095 Thread 0x000001ddec780d60 Thread added: 0x000001ddec780d60
Event: 2.172 Thread 0x000001ddec780d60 Thread exited: 0x000001ddec780d60
Event: 2.360 Thread 0x000001ddebf90ed0 Thread exited: 0x000001ddebf90ed0


Dynamic libraries:
0x00007ff7c0390000 - 0x00007ff7c039e000 	C:\Users\Átila\.jdks\openjdk-21.0.2\bin\java.exe
0x00007ff910090000 - 0x00007ff910288000 	C:\WINDOWS\SYSTEM32\ntdll.dll
0x00007ff90f2f0000 - 0x00007ff90f3ad000 	C:\WINDOWS\System32\KERNEL32.DLL
0x00007ff90ddd0000 - 0x00007ff90e0c6000 	C:\WINDOWS\System32\KERNELBASE.dll
0x00007ff90da20000 - 0x00007ff90db20000 	C:\WINDOWS\System32\ucrtbase.dll
0x00007ff906c10000 - 0x00007ff906c28000 	C:\Users\Átila\.jdks\openjdk-21.0.2\bin\jli.dll
0x00007ff906ba0000 - 0x00007ff906bbb000 	C:\Users\Átila\.jdks\openjdk-21.0.2\bin\VCRUNTIME140.dll
0x00007ff90f000000 - 0x00007ff90f19e000 	C:\WINDOWS\System32\USER32.dll
0x00007ff8fd780000 - 0x00007ff8fda1a000 	C:\WINDOWS\WinSxS\amd64_microsoft.windows.common-controls_6595b64144ccf1df_6.0.19041.3636_none_60b6a03d71f818d5\COMCTL32.dll
0x00007ff90dda0000 - 0x00007ff90ddc2000 	C:\WINDOWS\System32\win32u.dll
0x00007ff90e130000 - 0x00007ff90e1ce000 	C:\WINDOWS\System32\msvcrt.dll
0x00007ff90fbe0000 - 0x00007ff90fc0b000 	C:\WINDOWS\System32\GDI32.dll
0x00007ff90dbb0000 - 0x00007ff90dcc7000 	C:\WINDOWS\System32\gdi32full.dll
0x00007ff90dcd0000 - 0x00007ff90dd6d000 	C:\WINDOWS\System32\msvcp_win.dll
0x00007ff90f2b0000 - 0x00007ff90f2e2000 	C:\WINDOWS\System32\IMM32.DLL
0x00007ff906550000 - 0x00007ff90655c000 	C:\Users\Átila\.jdks\openjdk-21.0.2\bin\vcruntime140_1.dll
0x00007ff8f1130000 - 0x00007ff8f11be000 	C:\Users\Átila\.jdks\openjdk-21.0.2\bin\msvcp140.dll
0x00007ff8be060000 - 0x00007ff8bed77000 	C:\Users\Átila\.jdks\openjdk-21.0.2\bin\server\jvm.dll
0x00007ff90ead0000 - 0x00007ff90eb83000 	C:\WINDOWS\System32\ADVAPI32.dll
0x00007ff90f1b0000 - 0x00007ff90f24f000 	C:\WINDOWS\System32\sechost.dll
0x00007ff90fe50000 - 0x00007ff90ff76000 	C:\WINDOWS\System32\RPCRT4.dll
0x00007ff90dd70000 - 0x00007ff90dd97000 	C:\WINDOWS\System32\bcrypt.dll
0x00007ff90fde0000 - 0x00007ff90fe4b000 	C:\WINDOWS\System32\WS2_32.dll
0x00007ff90d500000 - 0x00007ff90d54b000 	C:\WINDOWS\SYSTEM32\POWRPROF.dll
0x00007ff8fd4f0000 - 0x00007ff8fd517000 	C:\WINDOWS\SYSTEM32\WINMM.dll
0x00007ff907150000 - 0x00007ff90715a000 	C:\WINDOWS\SYSTEM32\VERSION.dll
0x00007ff90d4e0000 - 0x00007ff90d4f2000 	C:\WINDOWS\SYSTEM32\UMPDC.dll
0x00007ff90bfc0000 - 0x00007ff90bfd2000 	C:\WINDOWS\SYSTEM32\kernel.appcore.dll
0x00007ff904f10000 - 0x00007ff904f1a000 	C:\Users\Átila\.jdks\openjdk-21.0.2\bin\jimage.dll
0x00007ff90b460000 - 0x00007ff90b644000 	C:\WINDOWS\SYSTEM32\DBGHELP.DLL
0x00007ff904830000 - 0x00007ff904864000 	C:\WINDOWS\SYSTEM32\dbgcore.DLL
0x00007ff90db20000 - 0x00007ff90dba2000 	C:\WINDOWS\System32\bcryptPrimitives.dll
0x00007ff9038c0000 - 0x00007ff9038cf000 	C:\Users\Átila\.jdks\openjdk-21.0.2\bin\instrument.dll
0x00007ff903c80000 - 0x00007ff903c9f000 	C:\Users\Átila\.jdks\openjdk-21.0.2\bin\java.dll
0x00007ff90e1d0000 - 0x00007ff90e915000 	C:\WINDOWS\System32\SHELL32.dll
0x00007ff90b650000 - 0x00007ff90bdec000 	C:\WINDOWS\SYSTEM32\windows.storage.dll
0x00007ff90f410000 - 0x00007ff90f764000 	C:\WINDOWS\System32\combase.dll
0x00007ff90d0b0000 - 0x00007ff90d0de000 	C:\WINDOWS\SYSTEM32\Wldp.dll
0x00007ff90ff80000 - 0x00007ff91004d000 	C:\WINDOWS\System32\OLEAUT32.dll
0x00007ff90f880000 - 0x00007ff90f92d000 	C:\WINDOWS\System32\SHCORE.dll
0x00007ff90f3b0000 - 0x00007ff90f405000 	C:\WINDOWS\System32\shlwapi.dll
0x00007ff90d680000 - 0x00007ff90d6a5000 	C:\WINDOWS\SYSTEM32\profapi.dll
0x00007ff8e97c0000 - 0x00007ff8e9897000 	C:\Users\Átila\.jdks\openjdk-21.0.2\bin\jsvml.dll
0x00007ff8fcf00000 - 0x00007ff8fcf18000 	C:\Users\Átila\.jdks\openjdk-21.0.2\bin\zip.dll
0x00007ff904820000 - 0x00007ff904830000 	C:\Users\Átila\.jdks\openjdk-21.0.2\bin\net.dll
0x00007ff904ce0000 - 0x00007ff904dea000 	C:\WINDOWS\SYSTEM32\WINHTTP.dll
0x00007ff90ce10000 - 0x00007ff90ce7a000 	C:\WINDOWS\system32\mswsock.dll
0x00007ff903c60000 - 0x00007ff903c76000 	C:\Users\Átila\.jdks\openjdk-21.0.2\bin\nio.dll
0x00007ff8fc070000 - 0x00007ff8fc08a000 	C:\Program Files\JetBrains\IntelliJ IDEA Community Edition 2023.3.3\bin\breakgen64.dll
0x00007ff8fcec0000 - 0x00007ff8fcec9000 	C:\Users\Átila\.jdks\openjdk-21.0.2\bin\extnet.dll
0x00007ff8fcef0000 - 0x00007ff8fcefa000 	C:\Users\Átila\.jdks\openjdk-21.0.2\bin\management.dll
0x00007ff8fcee0000 - 0x00007ff8fceeb000 	C:\Users\Átila\.jdks\openjdk-21.0.2\bin\management_ext.dll
0x00007ff90f870000 - 0x00007ff90f878000 	C:\WINDOWS\System32\PSAPI.DLL
0x00007ff8fced0000 - 0x00007ff8fcede000 	C:\Users\Átila\.jdks\openjdk-21.0.2\bin\sunmscapi.dll
0x00007ff90d800000 - 0x00007ff90d95d000 	C:\WINDOWS\System32\CRYPT32.dll
0x00007ff90d120000 - 0x00007ff90d148000 	C:\WINDOWS\SYSTEM32\ncrypt.dll
0x00007ff90d0e0000 - 0x00007ff90d11b000 	C:\WINDOWS\SYSTEM32\NTASN1.dll

dbghelp: loaded successfully - version: 4.0.5 - missing functions: none
symbol engine: initialized successfully - sym options: 0x614 - pdb path: .;C:\Users\Átila\.jdks\openjdk-21.0.2\bin;C:\WINDOWS\SYSTEM32;C:\WINDOWS\WinSxS\amd64_microsoft.windows.common-controls_6595b64144ccf1df_6.0.19041.3636_none_60b6a03d71f818d5;C:\Users\Átila\.jdks\openjdk-21.0.2\bin\server;C:\Program Files\JetBrains\IntelliJ IDEA Community Edition 2023.3.3\bin

VM Arguments:
jvm_args: -javaagent:C:\Program Files\JetBrains\IntelliJ IDEA Community Edition 2023.3.3\lib\idea_rt.jar=53021:C:\Program Files\JetBrains\IntelliJ IDEA Community Edition 2023.3.3\bin -Dfile.encoding=UTF-8 -Dsun.stdout.encoding=UTF-8 -Dsun.stderr.encoding=UTF-8 
java_command: estoque.estoque.VendaApplication
java_class_path (initial): C:\Projetos\Acelera-Devs\estoque\target\classes;C:\Users\Átila\.m2\repository\org\springframework\boot\spring-boot-starter-web\3.2.2\spring-boot-starter-web-3.2.2.jar;C:\Users\Átila\.m2\repository\org\springframework\boot\spring-boot-starter\3.2.2\spring-boot-starter-3.2.2.jar;C:\Users\Átila\.m2\repository\org\springframework\boot\spring-boot-starter-logging\3.2.2\spring-boot-starter-logging-3.2.2.jar;C:\Users\Átila\.m2\repository\ch\qos\logback\logback-classic\1.4.14\logback-classic-1.4.14.jar;C:\Users\Átila\.m2\repository\ch\qos\logback\logback-core\1.4.14\logback-core-1.4.14.jar;C:\Users\Átila\.m2\repository\org\apache\logging\log4j\log4j-to-slf4j\2.21.1\log4j-to-slf4j-2.21.1.jar;C:\Users\Átila\.m2\repository\org\apache\logging\log4j\log4j-api\2.21.1\log4j-api-2.21.1.jar;C:\Users\Átila\.m2\repository\org\slf4j\jul-to-slf4j\2.0.11\jul-to-slf4j-2.0.11.jar;C:\Users\Átila\.m2\repository\jakarta\annotation\jakarta.annotation-api\2.1.1\jakarta.annotation-api-2.1.1.jar;C:\Users\Átila\.m2\repository\org\yaml\snakeyaml\2.2\snakeyaml-2.2.jar;C:\Users\Átila\.m2\repository\org\springframework\boot\spring-boot-starter-json\3.2.2\spring-boot-starter-json-3.2.2.jar;C:\Users\Átila\.m2\repository\com\fasterxml\jackson\core\jackson-databind\2.15.3\jackson-databind-2.15.3.jar;C:\Users\Átila\.m2\repository\com\fasterxml\jackson\core\jackson-annotations\2.15.3\jackson-annotations-2.15.3.jar;C:\Users\Átila\.m2\repository\com\fasterxml\jackson\datatype\jackson-datatype-jdk8\2.15.3\jackson-datatype-jdk8-2.15.3.jar;C:\Users\Átila\.m2\repository\com\fasterxml\jackson\datatype\jackson-datatype-jsr310\2.15.3\jackson-datatype-jsr310-2.15.3.jar;C:\Users\Átila\.m2\repository\com\fasterxml\jackson\module\jackson-module-parameter-names\2.15.3\jackson-module-parameter-names-2.15.3.jar;C:\Users\Átila\.m2\repository\org\springframework\boot\spring-boot-starter-tomcat\3.2.2\spring-boot-starter-tomcat-3.2.2.jar;C:\Users\Átila\.m2\repository\org\apache\tomcat\embed\tomcat-embed-core\10.1.18\tomcat-embed-core-10.1.18.jar;C:\Users\Átila\.m2\repository\org\apache\tomcat\embed\tomcat-embed-websocket\10.1.18\tomcat-embed-websocket-10.1.18.jar;C:\Users\Átila\.m2\repository\org\springframework\spring-web\6.1.3\spring-web-6.1.3.jar;C:\Users\Átila\.m2\repository\org\springframework\spring-beans\6.1.3\spring-beans-6.1.3.jar;C:\Users\Átila\.m2\repository\io\micrometer\micrometer-observation\1.12.2\micrometer-observation-1.12.2.jar;C:\Users\Átila\.m2\repository\io\micrometer\micrometer-commons\1.12.2\micrometer-commons-1.12.2.jar;C:\Users\Átila\.m2\repository\org\springframework\spring-webmvc\6.1.3\spring-webmvc-6.1.3.jar;C:\Users\Átila\.m2\repository\org\springframework\spring-aop\6.1.3\spring-aop-6.1.3.jar;C:\Users\Átila\.m2\repository\org\springframework\spring-context\6.1.3\spring-context-6.1.3.jar;C:\Users\Átila\.m2\repository\org\springframework\spring-expression\6.1.3\spring-expression-6.1.3.jar;C:\Users\Átila\.m2\repository\org\springframework\boot\spring-boot-devtools\3.2.2\spring-boot-devtools-3.2.2.jar;C:\Users\Átila\.m2\repository\org\springframework\boot\spring-boot\3.2.2\spring-boot-3.2.2.jar;C:\Users\Átila\.m2\repository\org\springframework\boot\spring-boot-autoconfigure\3.2.2\spring-boot-autoconfigure-3.2.2.jar;C:\Users\Átila\.m2\repository\org\projectlombok\lombok\1.18.30\lombok-1.18.30.jar;C:\Users\Átila\.m2\repository\org\slf4j\slf4j-api\2.0.11\slf4j-api-2.0.11.jar;C:\Users\Átila\.m2\repository\jakarta\xml\bind\jakarta.xml.bind-api\4.0.1\jakarta.xml.bind-api-4.0.1.jar;C:\Users\Átila\.m2\repository\jakarta\activation\jakarta.activation-api\2.1.2\jakarta.activation-api-2.1.2.jar;C:\Users\Átila\.m2\repository\net\bytebuddy\byte-buddy\1.14.11\byte-buddy-1.14.11.jar;C:\Users\Átila\.m2\repository\org\springframework\spring-core\6.1.3\spring-core-6.1.3.jar;C:\Users\Átila\.m2\repository\org\springframework\spring-jcl\6.1.3\spring-jcl-6.1.3.jar;C:\Users\Átila\.m2\repository\org\springframework\boot\spring-boot-starter-data-jpa\3.2.2\spring-boot-starter-data-jpa-3.2.2.jar;C:\Users\Átila\.m2\repository\org\springframework\boot\spring-boot-starter-aop\3.2.2\spring-boot-starter-aop-3.2.2.jar;C:\Users\Átila\.m2\repository\org\aspectj\aspectjweaver\1.9.21\aspectjweaver-1.9.21.jar;C:\Users\Átila\.m2\repository\org\springframework\boot\spring-boot-starter-jdbc\3.2.2\spring-boot-starter-jdbc-3.2.2.jar;C:\Users\Átila\.m2\repository\com\zaxxer\HikariCP\5.0.1\HikariCP-5.0.1.jar;C:\Users\Átila\.m2\repository\org\springframework\spring-jdbc\6.1.3\spring-jdbc-6.1.3.jar;C:\Users\Átila\.m2\repository\org\hibernate\orm\hibernate-core\6.4.1.Final\hibernate-core-6.4.1.Final.jar;C:\Users\Átila\.m2\repository\jakarta\persistence\jakarta.persistence-api\3.1.0\jakarta.persistence-api-3.1.0.jar;C:\Users\Átila\.m2\repository\jakarta\transaction\jakarta.transaction-api\2.0.1\jakarta.transaction-api-2.0.1.jar;C:\Users\Átila\.m2\repository\org\jboss\logging\jboss-logging\3.5.3.Final\jboss-logging-3.5.3.Final.jar;C:\Users\Átila\.m2\repository\org\hibernate\common\hibernate-commons-annotations\6.0.6.Final\hibernate-commons-annotations-6.0.6.Final.jar;C:\Users\Átila\.m2\repository\io\smallrye\jandex\3.1.2\jandex-3.1.2.jar;C:\Users\Átila\.m2\repository\com\fasterxml\classmate\1.6.0\classmate-1.6.0.jar;C:\Users\Átila\.m2\repository\org\glassfish\jaxb\jaxb-runtime\4.0.4\jaxb-runtime-4.0.4.jar;C:\Users\Átila\.m2\repository\org\glassfish\jaxb\jaxb-core\4.0.4\jaxb-core-4.0.4.jar;C:\Users\Átila\.m2\repository\org\eclipse\angus\angus-activation\2.0.1\angus-activation-2.0.1.jar;C:\Users\Átila\.m2\repository\org\glassfish\jaxb\txw2\4.0.4\txw2-4.0.4.jar;C:\Users\Átila\.m2\repository\com\sun\istack\istack-commons-runtime\4.1.2\istack-commons-runtime-4.1.2.jar;C:\Users\Átila\.m2\repository\jakarta\inject\jakarta.inject-api\2.0.1\jakarta.inject-api-2.0.1.jar;C:\Users\Átila\.m2\repository\org\antlr\antlr4-runtime\4.13.0\antlr4-runtime-4.13.0.jar;C:\Users\Átila\.m2\repository\org\springframework\data\spring-data-jpa\3.2.2\spring-data-jpa-3.2.2.jar;C:\Users\Átila\.m2\repository\org\springframework\data\spring-data-commons\3.2.2\spring-data-commons-3.2.2.jar;C:\Users\Átila\.m2\repository\org\springframework\spring-orm\6.1.3\spring-orm-6.1.3.jar;C:\Users\Átila\.m2\repository\org\springframework\spring-tx\6.1.3\spring-tx-6.1.3.jar;C:\Users\Átila\.m2\repository\org\springframework\spring-aspects\6.1.3\spring-aspects-6.1.3.jar;C:\Users\Átila\.m2\repository\org\springframework\boot\spring-boot-starter-validation\3.2.2\spring-boot-starter-validation-3.2.2.jar;C:\Users\Átila\.m2\repository\org\apache\tomcat\embed\tomcat-embed-el\10.1.18\tomcat-embed-el-10.1.18.jar;C:\Users\Átila\.m2\repository\org\hibernate\validator\hibernate-validator\8.0.1.Final\hibernate-validator-8.0.1.Final.jar;C:\Users\Átila\.m2\repository\jakarta\validation\jakarta.validation-api\3.0.2\jakarta.validation-api-3.0.2.jar;C:\Users\Átila\.m2\repository\org\flywaydb\flyway-core\9.22.3\flyway-core-9.22.3.jar;C:\Users\Átila\.m2\repository\com\fasterxml\jackson\dataformat\jackson-dataformat-toml\2.15.3\jackson-dataformat-toml-2.15.3.jar;C:\Users\Átila\.m2\repository\com\fasterxml\jackson\core\jackson-core\2.15.3\jackson-core-2.15.3.jar;C:\Users\Átila\.m2\repository\com\google\code\gson\gson\2.10.1\gson-2.10.1.jar;C:\Users\Átila\.m2\repository\org\flywaydb\flyway-mysql\9.22.3\flyway-mysql-9.22.3.jar;C:\Users\Átila\.m2\repository\com\mysql\mysql-connector-j\8.3.0\mysql-connector-j-8.3.0.jar
Launcher Type: SUN_STANDARD

[Global flags]
     intx CICompilerCount                          = 4                                         {product} {ergonomic}
     uint ConcGCThreads                            = 2                                         {product} {ergonomic}
     uint G1ConcRefinementThreads                  = 8                                         {product} {ergonomic}
   size_t G1HeapRegionSize                         = 2097152                                   {product} {ergonomic}
    uintx GCDrainStackTargetSize                   = 64                                        {product} {ergonomic}
   size_t InitialHeapSize                          = 268435456                                 {product} {ergonomic}
   size_t MarkStackSize                            = 4194304                                   {product} {ergonomic}
   size_t MaxHeapSize                              = 4263510016                                {product} {ergonomic}
   size_t MaxNewSize                               = 2556428288                                {product} {ergonomic}
   size_t MinHeapDeltaBytes                        = 2097152                                   {product} {ergonomic}
   size_t MinHeapSize                              = 8388608                                   {product} {ergonomic}
    uintx NonNMethodCodeHeapSize                   = 5839372                                {pd product} {ergonomic}
    uintx NonProfiledCodeHeapSize                  = 122909434                              {pd product} {ergonomic}
    uintx ProfiledCodeHeapSize                     = 122909434                              {pd product} {ergonomic}
    uintx ReservedCodeCacheSize                    = 251658240                              {pd product} {ergonomic}
     bool SegmentedCodeCache                       = true                                      {product} {ergonomic}
   size_t SoftMaxHeapSize                          = 4263510016                             {manageable} {ergonomic}
     bool UseCompressedOops                        = true                           {product lp64_product} {ergonomic}
     bool UseG1GC                                  = true                                      {product} {ergonomic}
     bool UseLargePagesIndividualAllocation        = false                                  {pd product} {ergonomic}

Logging:
Log output configuration:
 #0: stdout all=warning uptime,level,tags foldmultilines=false
 #1: stderr all=off uptime,level,tags foldmultilines=false

Environment Variables:
JAVA_HOME=C:\Program Files\Java\jdk-17
PATH=C:\Program Files\Java\jdk-17\bin;C:\Maven\apache-maven-3.9.6\bin;C:\Program Files\Java\jre-1.8;C:\Python312\Scripts\;C:\Python312\;C:\Program Files (x86)\Common Files\Oracle\Java\javapath;C:\WINDOWS\system32;C:\WINDOWS;C:\WINDOWS\System32\Wbem;C:\WINDOWS\System32\WindowsPowerShell\v1.0\;C:\WINDOWS\System32\OpenSSH\;C:\Program Files\Git\cmd;C:\Program Files\nodejs\;C:\ProgramData\chocolatey\bin;C:\Program Files\MySQL\MySQL Shell 8.0\bin;C:\Program Files\MySQL\MySQL Server 8.0\bin;C:\Users\Átila\AppData\Local\Microsoft\WindowsApps;C:\Users\Átila\AppData\Local\Programs\Microsoft VS Code\bin;C:\Users\Átila\AppData\Roaming\npm;C:\Program Files\Java\jdk-17\bin;C:\Maven\apache-maven-3.9.6\bin;%MySQL_HOME%\bin;
USERNAME=Átila
OS=Windows_NT
PROCESSOR_IDENTIFIER=Intel64 Family 6 Model 142 Stepping 10, GenuineIntel
TMP=C:\Users\TILA~1\AppData\Local\Temp
TEMP=C:\Users\TILA~1\AppData\Local\Temp




Periodic native trim disabled

---------------  S Y S T E M  ---------------

OS:
 Windows 10 , 64 bit Build 19041 (10.0.19041.3636)
OS uptime: 0 days 22:47 hours

CPU: total 8 (initial active 8) (4 cores per cpu, 2 threads per core) family 6 model 142 stepping 10 microcode 0xf0, cx8, cmov, fxsr, ht, mmx, 3dnowpref, sse, sse2, sse3, ssse3, sse4.1, sse4.2, popcnt, lzcnt, tsc, tscinvbit, avx, avx2, aes, erms, clmul, bmi1, bmi2, adx, fma, vzeroupper, clflush, clflushopt, rdtscp, f16c
Processor Information for all 8 processors :
  Max Mhz: 1800, Current Mhz: 1600, Mhz Limit: 1584

Memory: 4k page, system-wide physical 16258M (8180M free)
TotalPageFile size 32642M (AvailPageFile size 21816M)
current process WorkingSet (physical memory assigned to process): 165M, peak: 165M
current process commit charge ("private bytes"): 211M, peak: 402M

vm_info: OpenJDK 64-Bit Server VM (21.0.2+13-58) for windows-amd64 JRE (21.0.2+13-58), built on 2024-01-05T18:32:24Z by "mach5one" with MS VC++ 17.1 (VS2022)

END.
